Using pre-set license
Built from '2020.3/staging' branch; Version is '2020.3.24f1 (79c78de19888) revision 7980941'; Using compiler version '192528614'; Build Type 'Release'
OS: 'Windows 10  (10.0.19043) 64bit CoreSingleLanguage' Language: 'en' Physical Memory: 12130 MB
BatchMode: 1, IsHumanControllingUs: 0, StartBugReporterOnCrash: 0, Is64bit: 1, IsPro: 0

COMMAND LINE ARGUMENTS:
C:\Program Files\Unity\Hub\Editor\2020.3.24f1\Editor\Unity.exe
-adb2
-batchMode
-noUpm
-name
AssetImportWorker0
-projectPath
C:/Users/Kenneth/Downloads/policarpio-beatball-game-beatball-progress-3/policarpio-beatball-game-beatball-progress-3
-logFile
Logs/AssetImportWorker0.log
-srvPort
55508
Successfully changed project path to: C:/Users/Kenneth/Downloads/policarpio-beatball-game-beatball-progress-3/policarpio-beatball-game-beatball-progress-3
C:/Users/Kenneth/Downloads/policarpio-beatball-game-beatball-progress-3/policarpio-beatball-game-beatball-progress-3
Using Asset Import Pipeline V2.
Refreshing native plugins compatible for Editor in 84.71 ms, found 2 plugins.
Preloading 0 native plugins for Editor in 0.00 ms.
Initialize engine version: 2020.3.24f1 (79c78de19888)
[Subsystems] Discovering subsystems at path C:/Program Files/Unity/Hub/Editor/2020.3.24f1/Editor/Data/Resources/UnitySubsystems
[Subsystems] Discovering subsystems at path C:/Users/Kenneth/Downloads/policarpio-beatball-game-beatball-progress-3/policarpio-beatball-game-beatball-progress-3/Assets
GfxDevice: creating device client; threaded=0
Direct3D:
    Version:  Direct3D 11.0 [level 11.1]
    Renderer: NVIDIA GeForce GTX 1050 (ID=0x1c8d)
    Vendor:   
    VRAM:     4019 MB
    Driver:   30.0.14.9709
Initialize mono
Mono path[0] = 'C:/Program Files/Unity/Hub/Editor/2020.3.24f1/Editor/Data/Managed'
Mono path[1] = 'C:/Program Files/Unity/Hub/Editor/2020.3.24f1/Editor/Data/MonoBleedingEdge/lib/mono/unityjit'
Mono config path = 'C:/Program Files/Unity/Hub/Editor/2020.3.24f1/Editor/Data/MonoBleedingEdge/etc'
Using monoOptions --debugger-agent=transport=dt_socket,embedding=1,server=y,suspend=n,address=127.0.0.1:56068
Begin MonoManager ReloadAssembly
Registering precompiled unity dll's ...
Register platform support module: C:/Program Files/Unity/Hub/Editor/2020.3.24f1/Editor/Data/PlaybackEngines/WindowsStandaloneSupport/UnityEditor.WindowsStandalone.Extensions.dll
Registered in 0.004242 seconds.
Native extension for WindowsStandalone target not found
Refreshing native plugins compatible for Editor in 62.77 ms, found 2 plugins.
Preloading 0 native plugins for Editor in 0.00 ms.
Mono: successfully reloaded assembly
- Completed reload, in  1.168 seconds
Domain Reload Profiling:
	ReloadAssembly (1169ms)
		BeginReloadAssembly (126ms)
			ExecutionOrderSort (0ms)
			DisableScriptedObjects (0ms)
			BackupInstance (0ms)
			ReleaseScriptingObjects (0ms)
			CreateAndSetChildDomain (2ms)
		EndReloadAssembly (880ms)
			LoadAssemblies (119ms)
			RebuildTransferFunctionScriptingTraits (0ms)
			SetupTypeCache (308ms)
			ReleaseScriptCaches (0ms)
			RebuildScriptCaches (66ms)
			SetupLoadedEditorAssemblies (288ms)
				LogAssemblyErrors (0ms)
				InitializePlatformSupportModulesInManaged (6ms)
				SetLoadedEditorAssemblies (1ms)
				RefreshPlugins (63ms)
				BeforeProcessingInitializeOnLoad (22ms)
				ProcessInitializeOnLoadAttributes (131ms)
				ProcessInitializeOnLoadMethodAttributes (65ms)
				AfterProcessingInitializeOnLoad (0ms)
				EditorAssembliesLoaded (1ms)
			ExecutionOrderSort2 (0ms)
			AwakeInstancesAfterBackupRestoration (0ms)
Platform modules already initialized, skipping
Registering precompiled user dll's ...
Registered in 0.011334 seconds.
Begin MonoManager ReloadAssembly
Native extension for WindowsStandalone target not found
Refreshing native plugins compatible for Editor in 0.49 ms, found 2 plugins.
Preloading 0 native plugins for Editor in 0.00 ms.
Mono: successfully reloaded assembly
- Completed reload, in  1.891 seconds
Domain Reload Profiling:
	ReloadAssembly (1893ms)
		BeginReloadAssembly (256ms)
			ExecutionOrderSort (0ms)
			DisableScriptedObjects (8ms)
			BackupInstance (0ms)
			ReleaseScriptingObjects (0ms)
			CreateAndSetChildDomain (29ms)
		EndReloadAssembly (1526ms)
			LoadAssemblies (158ms)
			RebuildTransferFunctionScriptingTraits (0ms)
			SetupTypeCache (559ms)
			ReleaseScriptCaches (1ms)
			RebuildScriptCaches (97ms)
			SetupLoadedEditorAssemblies (506ms)
				LogAssemblyErrors (0ms)
				InitializePlatformSupportModulesInManaged (8ms)
				SetLoadedEditorAssemblies (1ms)
				RefreshPlugins (1ms)
				BeforeProcessingInitializeOnLoad (150ms)
				ProcessInitializeOnLoadAttributes (321ms)
				ProcessInitializeOnLoadMethodAttributes (15ms)
				AfterProcessingInitializeOnLoad (11ms)
				EditorAssembliesLoaded (0ms)
			ExecutionOrderSort2 (0ms)
			AwakeInstancesAfterBackupRestoration (10ms)
Platform modules already initialized, skipping
========================================================================
Worker process is ready to serve import requests
Launched and connected shader compiler UnityShaderCompiler.exe after 0.26 seconds
Refreshing native plugins compatible for Editor in 0.45 ms, found 2 plugins.
Preloading 0 native plugins for Editor in 0.00 ms.
Unloading 1504 Unused Serialized files (Serialized files now loaded: 0)
System memory in use before: 68.4 MB.
System memory in use after: 68.5 MB.

Unloading 19 unused Assets to reduce memory usage. Loaded Objects now: 1938.
Total: 4.163700 ms (FindLiveObjects: 0.215700 ms CreateObjectMapping: 0.078600 ms MarkObjects: 3.762100 ms  DeleteObjects: 0.105300 ms)

AssetImportParameters requested are different than current active one (requested -> active):
  custom:framework-win-MediaFoundation: 216162199b28c13a410421893ffa2e32 -> 
  custom:video-decoder-ogg-theora: a1e56fd34408186e4bbccfd4996cb3dc -> 
  custom:container-muxer-webm: aa71ff27fc2769a1b78a27578f13a17b -> 
  custom:container-demuxer-webm: 4f35f7cbe854078d1ac9338744f61a02 -> 
  custom:container-demuxer-ogg: 62fdf1f143b41e24485cea50d1cbac27 -> 
  custom:video-encoder-webm-vp8: eb34c28f22e8b96e1ab97ce403110664 -> 
  custom:video-codec-MediaFoundation-h265: 746d11721c4dcdbdad8f713fa42b33f4 -> 
  custom:video-decoder-webm-vp8: 9c59270c3fd7afecdb556c50c9e8de78 -> 
  custom:audio-decoder-ogg-vorbis: bf7c407c2cedff20999df2af8eb42d56 -> 
  custom:audio-encoder-webm-vorbis: bf7c407c2cedff20999df2af8eb42d56 -> 
========================================================================
Received Import Request.
  path: Assets/Prefabs/Player.prefab
  artifactKey: Guid(db09e0b7d1d4b6c40935d41576709995) Importer(815301076,1909f56bfc062723c751e8b465ee728b)
Start importing Assets/Prefabs/Player.prefab using Guid(db09e0b7d1d4b6c40935d41576709995) Importer(815301076,1909f56bfc062723c751e8b465ee728b)  -> (artifact id: '086e4654d8ac6884b8f7f1a1e2f37520') in 0.187624 seconds 
  Import took 0.192775 seconds .

========================================================================
Received Import Request.
  Time since last request: 12.932635 seconds.
  path: Assets/Prefabs/Player.prefab
  artifactKey: Guid(db09e0b7d1d4b6c40935d41576709995) Importer(815301076,1909f56bfc062723c751e8b465ee728b)
Start importing Assets/Prefabs/Player.prefab using Guid(db09e0b7d1d4b6c40935d41576709995) Importer(815301076,1909f56bfc062723c751e8b465ee728b)  -> (artifact id: 'fb241c9dd5a2bdf05dafec4ce1613cc7') in 0.026292 seconds 
  Import took 0.031420 seconds .

========================================================================
Received Import Request.
  Time since last request: 35.253646 seconds.
  path: Assets/Prefabs/Player.prefab
  artifactKey: Guid(db09e0b7d1d4b6c40935d41576709995) Importer(815301076,1909f56bfc062723c751e8b465ee728b)
Start importing Assets/Prefabs/Player.prefab using Guid(db09e0b7d1d4b6c40935d41576709995) Importer(815301076,1909f56bfc062723c751e8b465ee728b)  -> (artifact id: '9054a675b1fb909469bfce9d58f6e0ce') in 0.025398 seconds 
  Import took 0.030778 seconds .

========================================================================
Received Import Request.
  Time since last request: 5.592739 seconds.
  path: Assets/Prefabs/Player.prefab
  artifactKey: Guid(db09e0b7d1d4b6c40935d41576709995) Importer(815301076,1909f56bfc062723c751e8b465ee728b)
Start importing Assets/Prefabs/Player.prefab using Guid(db09e0b7d1d4b6c40935d41576709995) Importer(815301076,1909f56bfc062723c751e8b465ee728b)  -> (artifact id: 'f3c59b47f6f5c90095a49ea1f252952a') in 0.024663 seconds 
  Import took 0.030684 seconds .

========================================================================
Received Import Request.
  Time since last request: 2.002619 seconds.
  path: Assets/Prefabs/Player.prefab
  artifactKey: Guid(db09e0b7d1d4b6c40935d41576709995) Importer(815301076,1909f56bfc062723c751e8b465ee728b)
Start importing Assets/Prefabs/Player.prefab using Guid(db09e0b7d1d4b6c40935d41576709995) Importer(815301076,1909f56bfc062723c751e8b465ee728b)  -> (artifact id: '047b812acd3e7a158e45f339c464bf99') in 0.020505 seconds 
  Import took 0.026674 seconds .

========================================================================
Received Import Request.
  Time since last request: 1.707871 seconds.
  path: Assets/Prefabs/Player.prefab
  artifactKey: Guid(db09e0b7d1d4b6c40935d41576709995) Importer(815301076,1909f56bfc062723c751e8b465ee728b)
Start importing Assets/Prefabs/Player.prefab using Guid(db09e0b7d1d4b6c40935d41576709995) Importer(815301076,1909f56bfc062723c751e8b465ee728b)  -> (artifact id: '74e21437de296fe18ee1efaa6959aca0') in 0.019626 seconds 
  Import took 0.025014 seconds .

========================================================================
Received Import Request.
  Time since last request: 6.699382 seconds.
  path: Assets/Prefabs/Player.prefab
  artifactKey: Guid(db09e0b7d1d4b6c40935d41576709995) Importer(815301076,1909f56bfc062723c751e8b465ee728b)
Start importing Assets/Prefabs/Player.prefab using Guid(db09e0b7d1d4b6c40935d41576709995) Importer(815301076,1909f56bfc062723c751e8b465ee728b)  -> (artifact id: '2fb738c1caeb6f32f31f445a8bd3e602') in 0.023290 seconds 
  Import took 0.028284 seconds .

========================================================================
Received Import Request.
  Time since last request: 13.050705 seconds.
  path: Assets/Prefabs/Player.prefab
  artifactKey: Guid(db09e0b7d1d4b6c40935d41576709995) Importer(815301076,1909f56bfc062723c751e8b465ee728b)
Start importing Assets/Prefabs/Player.prefab using Guid(db09e0b7d1d4b6c40935d41576709995) Importer(815301076,1909f56bfc062723c751e8b465ee728b)  -> (artifact id: '072de9555b27bb6dfa164a040f83497d') in 0.027456 seconds 
  Import took 0.041118 seconds .

========================================================================
Received Import Request.
  Time since last request: 5.495700 seconds.
  path: Assets/Prefabs/Player.prefab
  artifactKey: Guid(db09e0b7d1d4b6c40935d41576709995) Importer(815301076,1909f56bfc062723c751e8b465ee728b)
Start importing Assets/Prefabs/Player.prefab using Guid(db09e0b7d1d4b6c40935d41576709995) Importer(815301076,1909f56bfc062723c751e8b465ee728b)  -> (artifact id: '5ee55537d4949eba89b431e761fc9ceb') in 0.023685 seconds 
  Import took 0.031324 seconds .

========================================================================
Received Import Request.
  Time since last request: 3.664067 seconds.
  path: Assets/Prefabs/Player.prefab
  artifactKey: Guid(db09e0b7d1d4b6c40935d41576709995) Importer(815301076,1909f56bfc062723c751e8b465ee728b)
Start importing Assets/Prefabs/Player.prefab using Guid(db09e0b7d1d4b6c40935d41576709995) Importer(815301076,1909f56bfc062723c751e8b465ee728b)  -> (artifact id: 'aff787c50a1b566bc0a9284e635dc410') in 0.026539 seconds 
  Import took 0.033775 seconds .

========================================================================
Received Import Request.
  Time since last request: 1.788216 seconds.
  path: Assets/Prefabs/Player.prefab
  artifactKey: Guid(db09e0b7d1d4b6c40935d41576709995) Importer(815301076,1909f56bfc062723c751e8b465ee728b)
Start importing Assets/Prefabs/Player.prefab using Guid(db09e0b7d1d4b6c40935d41576709995) Importer(815301076,1909f56bfc062723c751e8b465ee728b)  -> (artifact id: '8d44e73bd35253d7266c85d912aed3af') in 0.027144 seconds 
  Import took 0.033178 seconds .

========================================================================
Received Import Request.
  Time since last request: 3.279503 seconds.
  path: Assets/Prefabs/Player.prefab
  artifactKey: Guid(db09e0b7d1d4b6c40935d41576709995) Importer(815301076,1909f56bfc062723c751e8b465ee728b)
Start importing Assets/Prefabs/Player.prefab using Guid(db09e0b7d1d4b6c40935d41576709995) Importer(815301076,1909f56bfc062723c751e8b465ee728b)  -> (artifact id: 'a5a2e21800c6380d94c8ab71fb19eff9') in 0.021228 seconds 
  Import took 0.027534 seconds .

========================================================================
Received Import Request.
  Time since last request: 2.064346 seconds.
  path: Assets/Prefabs/Player.prefab
  artifactKey: Guid(db09e0b7d1d4b6c40935d41576709995) Importer(815301076,1909f56bfc062723c751e8b465ee728b)
Start importing Assets/Prefabs/Player.prefab using Guid(db09e0b7d1d4b6c40935d41576709995) Importer(815301076,1909f56bfc062723c751e8b465ee728b)  -> (artifact id: 'aee773ed3f90eaf7c5085a09732f9c35') in 0.019749 seconds 
  Import took 0.025345 seconds .

========================================================================
Received Import Request.
  Time since last request: 12.983301 seconds.
  path: Assets/Prefabs/Player.prefab
  artifactKey: Guid(db09e0b7d1d4b6c40935d41576709995) Importer(815301076,1909f56bfc062723c751e8b465ee728b)
Start importing Assets/Prefabs/Player.prefab using Guid(db09e0b7d1d4b6c40935d41576709995) Importer(815301076,1909f56bfc062723c751e8b465ee728b)  -> (artifact id: 'ef3c6826f0c1904c2120006074f5af08') in 0.019513 seconds 
  Import took 0.026300 seconds .

========================================================================
Received Import Request.
  Time since last request: 3.652712 seconds.
  path: Assets/Prefabs/Player.prefab
  artifactKey: Guid(db09e0b7d1d4b6c40935d41576709995) Importer(815301076,1909f56bfc062723c751e8b465ee728b)
Start importing Assets/Prefabs/Player.prefab using Guid(db09e0b7d1d4b6c40935d41576709995) Importer(815301076,1909f56bfc062723c751e8b465ee728b)  -> (artifact id: '77758d8b5ef5a0872519b8d646aa4684') in 0.028538 seconds 
  Import took 0.034620 seconds .

========================================================================
Received Import Request.
  Time since last request: 3.165503 seconds.
  path: Assets/Prefabs/Player.prefab
  artifactKey: Guid(db09e0b7d1d4b6c40935d41576709995) Importer(815301076,1909f56bfc062723c751e8b465ee728b)
Start importing Assets/Prefabs/Player.prefab using Guid(db09e0b7d1d4b6c40935d41576709995) Importer(815301076,1909f56bfc062723c751e8b465ee728b)  -> (artifact id: '629eb2f8033460e6cf2c631a53336b11') in 0.018682 seconds 
  Import took 0.023816 seconds .

========================================================================
Received Import Request.
  Time since last request: 4.194568 seconds.
  path: Assets/Prefabs/Player.prefab
  artifactKey: Guid(db09e0b7d1d4b6c40935d41576709995) Importer(815301076,1909f56bfc062723c751e8b465ee728b)
Start importing Assets/Prefabs/Player.prefab using Guid(db09e0b7d1d4b6c40935d41576709995) Importer(815301076,1909f56bfc062723c751e8b465ee728b)  -> (artifact id: '81a93adc655d757e1d9288d24508fd7c') in 0.017375 seconds 
  Import took 0.022732 seconds .

========================================================================
Received Import Request.
  Time since last request: 7.239557 seconds.
  path: Assets/Prefabs/Player.prefab
  artifactKey: Guid(db09e0b7d1d4b6c40935d41576709995) Importer(815301076,1909f56bfc062723c751e8b465ee728b)
Start importing Assets/Prefabs/Player.prefab using Guid(db09e0b7d1d4b6c40935d41576709995) Importer(815301076,1909f56bfc062723c751e8b465ee728b)  -> (artifact id: '46a9e2f7e588169d907a5d1db3e2d806') in 0.023543 seconds 
  Import took 0.030373 seconds .

========================================================================
Received Import Request.
  Time since last request: 0.388615 seconds.
  path: Assets/Prefabs/Player.prefab
  artifactKey: Guid(db09e0b7d1d4b6c40935d41576709995) Importer(815301076,1909f56bfc062723c751e8b465ee728b)
Start importing Assets/Prefabs/Player.prefab using Guid(db09e0b7d1d4b6c40935d41576709995) Importer(815301076,1909f56bfc062723c751e8b465ee728b)  -> (artifact id: '2059c8c8892454b21486b7d4b5236f24') in 0.019180 seconds 
  Import took 0.025286 seconds .

========================================================================
Received Import Request.
  Time since last request: 10.509189 seconds.
  path: Assets/Prefabs/Player.prefab
  artifactKey: Guid(db09e0b7d1d4b6c40935d41576709995) Importer(815301076,1909f56bfc062723c751e8b465ee728b)
Start importing Assets/Prefabs/Player.prefab using Guid(db09e0b7d1d4b6c40935d41576709995) Importer(815301076,1909f56bfc062723c751e8b465ee728b)  -> (artifact id: '5c6ba1c3fbb9b4f42f104d2cb6d46185') in 0.021735 seconds 
  Import took 0.027712 seconds .

========================================================================
Received Import Request.
  Time since last request: 2.349967 seconds.
  path: Assets/Prefabs/Player.prefab
  artifactKey: Guid(db09e0b7d1d4b6c40935d41576709995) Importer(815301076,1909f56bfc062723c751e8b465ee728b)
Start importing Assets/Prefabs/Player.prefab using Guid(db09e0b7d1d4b6c40935d41576709995) Importer(815301076,1909f56bfc062723c751e8b465ee728b)  -> (artifact id: 'e68635195519f4cc37ae43f44639e5ff') in 0.019285 seconds 
  Import took 0.025721 seconds .

========================================================================
Received Import Request.
  Time since last request: 43.032548 seconds.
  path: Assets/Prefabs/Player.prefab
  artifactKey: Guid(db09e0b7d1d4b6c40935d41576709995) Importer(815301076,1909f56bfc062723c751e8b465ee728b)
Start importing Assets/Prefabs/Player.prefab using Guid(db09e0b7d1d4b6c40935d41576709995) Importer(815301076,1909f56bfc062723c751e8b465ee728b)  -> (artifact id: 'f32ad7d1754b0dd2ca81167fe0711aa0') in 0.064477 seconds 
  Import took 0.069871 seconds .

========================================================================
Received Import Request.
  Time since last request: 3.428001 seconds.
  path: Assets/Prefabs/Player.prefab
  artifactKey: Guid(db09e0b7d1d4b6c40935d41576709995) Importer(815301076,1909f56bfc062723c751e8b465ee728b)
Start importing Assets/Prefabs/Player.prefab using Guid(db09e0b7d1d4b6c40935d41576709995) Importer(815301076,1909f56bfc062723c751e8b465ee728b)  -> (artifact id: 'cf1be296ec191ed7b5abf88533566545') in 0.019647 seconds 
  Import took 0.024639 seconds .

========================================================================
Received Import Request.
  Time since last request: 10.356940 seconds.
  path: Assets/Prefabs/Player.prefab
  artifactKey: Guid(db09e0b7d1d4b6c40935d41576709995) Importer(815301076,1909f56bfc062723c751e8b465ee728b)
Start importing Assets/Prefabs/Player.prefab using Guid(db09e0b7d1d4b6c40935d41576709995) Importer(815301076,1909f56bfc062723c751e8b465ee728b)  -> (artifact id: '3999412577141fcc3c62cbfecf554ac0') in 0.021044 seconds 
  Import took 0.026208 seconds .

========================================================================
Received Prepare
Registering precompiled user dll's ...
Registered in 0.007805 seconds.
Begin MonoManager ReloadAssembly
Native extension for WindowsStandalone target not found
Refreshing native plugins compatible for Editor in 0.45 ms, found 2 plugins.
Preloading 0 native plugins for Editor in 0.00 ms.
Mono: successfully reloaded assembly
- Completed reload, in  1.524 seconds
Domain Reload Profiling:
	ReloadAssembly (1525ms)
		BeginReloadAssembly (162ms)
			ExecutionOrderSort (0ms)
			DisableScriptedObjects (7ms)
			BackupInstance (0ms)
			ReleaseScriptingObjects (0ms)
			CreateAndSetChildDomain (52ms)
		EndReloadAssembly (1262ms)
			LoadAssemblies (134ms)
			RebuildTransferFunctionScriptingTraits (0ms)
			SetupTypeCache (441ms)
			ReleaseScriptCaches (1ms)
			RebuildScriptCaches (59ms)
			SetupLoadedEditorAssemblies (476ms)
				LogAssemblyErrors (0ms)
				InitializePlatformSupportModulesInManaged (7ms)
				SetLoadedEditorAssemblies (1ms)
				RefreshPlugins (1ms)
				BeforeProcessingInitializeOnLoad (124ms)
				ProcessInitializeOnLoadAttributes (316ms)
				ProcessInitializeOnLoadMethodAttributes (15ms)
				AfterProcessingInitializeOnLoad (13ms)
				EditorAssembliesLoaded (1ms)
			ExecutionOrderSort2 (0ms)
			AwakeInstancesAfterBackupRestoration (11ms)
Platform modules already initialized, skipping
Refreshing native plugins compatible for Editor in 0.51 ms, found 2 plugins.
Preloading 0 native plugins for Editor in 0.00 ms.
Unloading 1498 Unused Serialized files (Serialized files now loaded: 0)
System memory in use before: 71.4 MB.
System memory in use after: 71.5 MB.

Unloading 15 unused Assets to reduce memory usage. Loaded Objects now: 1948.
Total: 4.105600 ms (FindLiveObjects: 0.223700 ms CreateObjectMapping: 0.072500 ms MarkObjects: 3.767900 ms  DeleteObjects: 0.039800 ms)

AssetImportParameters requested are different than current active one (requested -> active):
  custom:framework-win-MediaFoundation: 216162199b28c13a410421893ffa2e32 -> 
  custom:video-decoder-ogg-theora: a1e56fd34408186e4bbccfd4996cb3dc -> 
  custom:container-muxer-webm: aa71ff27fc2769a1b78a27578f13a17b -> 
  custom:container-demuxer-webm: 4f35f7cbe854078d1ac9338744f61a02 -> 
  custom:container-demuxer-ogg: 62fdf1f143b41e24485cea50d1cbac27 -> 
  custom:video-encoder-webm-vp8: eb34c28f22e8b96e1ab97ce403110664 -> 
  custom:video-codec-MediaFoundation-h265: 746d11721c4dcdbdad8f713fa42b33f4 -> 
  custom:video-decoder-webm-vp8: 9c59270c3fd7afecdb556c50c9e8de78 -> 
  custom:audio-decoder-ogg-vorbis: bf7c407c2cedff20999df2af8eb42d56 -> 
  custom:audio-encoder-webm-vorbis: bf7c407c2cedff20999df2af8eb42d56 -> 
========================================================================
Received Import Request.
  Time since last request: 35.189046 seconds.
  path: Assets/Prefabs/Player.prefab
  artifactKey: Guid(db09e0b7d1d4b6c40935d41576709995) Importer(815301076,1909f56bfc062723c751e8b465ee728b)
Start importing Assets/Prefabs/Player.prefab using Guid(db09e0b7d1d4b6c40935d41576709995) Importer(815301076,1909f56bfc062723c751e8b465ee728b)  -> (artifact id: '00000000000000000000000000000000') in 0.374080 seconds  code(4) message(Build asset version error: assets/prefabs/player.prefab in SourceAssetDB has modification time of '2022-01-05T11:32:41.0721906Z' while content on disk has modification time of '2022-01-05T11:32:41.2461887Z')
  ERROR: Build asset version error: assets/prefabs/player.prefab in SourceAssetDB has modification time of '2022-01-05T11:32:41.0721906Z' while content on disk has modification time of '2022-01-05T11:32:41.2461887Z'
  Import took 0.379776 seconds .

========================================================================
Received Import Request.
  Time since last request: 0.086762 seconds.
  path: Assets/Prefabs/Player.prefab
  artifactKey: Guid(db09e0b7d1d4b6c40935d41576709995) Importer(815301076,1909f56bfc062723c751e8b465ee728b)
Start importing Assets/Prefabs/Player.prefab using Guid(db09e0b7d1d4b6c40935d41576709995) Importer(815301076,1909f56bfc062723c751e8b465ee728b)  -> (artifact id: 'ea925c90e6436178500a971843d330ab') in 0.018848 seconds 
  Import took 0.025357 seconds .

========================================================================
Received Import Request.
  Time since last request: 0.155871 seconds.
  path: Assets/Prefabs/Player.prefab
  artifactKey: Guid(db09e0b7d1d4b6c40935d41576709995) Importer(815301076,1909f56bfc062723c751e8b465ee728b)
Start importing Assets/Prefabs/Player.prefab using Guid(db09e0b7d1d4b6c40935d41576709995) Importer(815301076,1909f56bfc062723c751e8b465ee728b)  -> (artifact id: '6eb087a754aa3fdf71264fbc661f8772') in 0.018095 seconds 
  Import took 0.024702 seconds .

========================================================================
Received Import Request.
  Time since last request: 1.939216 seconds.
  path: Assets/Prefabs/Player.prefab
  artifactKey: Guid(db09e0b7d1d4b6c40935d41576709995) Importer(815301076,1909f56bfc062723c751e8b465ee728b)
Start importing Assets/Prefabs/Player.prefab using Guid(db09e0b7d1d4b6c40935d41576709995) Importer(815301076,1909f56bfc062723c751e8b465ee728b)  -> (artifact id: '7f43ad190ba624740c567618c66bb0c9') in 0.026730 seconds 
  Import took 0.033273 seconds .

========================================================================
Received Prepare
Registering precompiled user dll's ...
Registered in 0.008493 seconds.
Begin MonoManager ReloadAssembly
Native extension for WindowsStandalone target not found
Refreshing native plugins compatible for Editor in 0.66 ms, found 2 plugins.
Preloading 0 native plugins for Editor in 0.00 ms.
Mono: successfully reloaded assembly
- Completed reload, in  1.805 seconds
Domain Reload Profiling:
	ReloadAssembly (1806ms)
		BeginReloadAssembly (212ms)
			ExecutionOrderSort (0ms)
			DisableScriptedObjects (11ms)
			BackupInstance (0ms)
			ReleaseScriptingObjects (0ms)
			CreateAndSetChildDomain (57ms)
		EndReloadAssembly (1481ms)
			LoadAssemblies (159ms)
			RebuildTransferFunctionScriptingTraits (0ms)
			SetupTypeCache (534ms)
			ReleaseScriptCaches (1ms)
			RebuildScriptCaches (84ms)
			SetupLoadedEditorAssemblies (530ms)
				LogAssemblyErrors (0ms)
				InitializePlatformSupportModulesInManaged (9ms)
				SetLoadedEditorAssemblies (1ms)
				RefreshPlugins (1ms)
				BeforeProcessingInitializeOnLoad (152ms)
				ProcessInitializeOnLoadAttributes (338ms)
				ProcessInitializeOnLoadMethodAttributes (16ms)
				AfterProcessingInitializeOnLoad (13ms)
				EditorAssembliesLoaded (0ms)
			ExecutionOrderSort2 (0ms)
			AwakeInstancesAfterBackupRestoration (11ms)
Platform modules already initialized, skipping
Refreshing native plugins compatible for Editor in 0.51 ms, found 2 plugins.
Preloading 0 native plugins for Editor in 0.00 ms.
Unloading 1498 Unused Serialized files (Serialized files now loaded: 0)
System memory in use before: 71.4 MB.
System memory in use after: 71.6 MB.

Unloading 15 unused Assets to reduce memory usage. Loaded Objects now: 1951.
Total: 3.747400 ms (FindLiveObjects: 0.210900 ms CreateObjectMapping: 0.077900 ms MarkObjects: 3.421200 ms  DeleteObjects: 0.035500 ms)

AssetImportParameters requested are different than current active one (requested -> active):
  custom:framework-win-MediaFoundation: 216162199b28c13a410421893ffa2e32 -> 
  custom:video-decoder-ogg-theora: a1e56fd34408186e4bbccfd4996cb3dc -> 
  custom:container-muxer-webm: aa71ff27fc2769a1b78a27578f13a17b -> 
  custom:container-demuxer-webm: 4f35f7cbe854078d1ac9338744f61a02 -> 
  custom:container-demuxer-ogg: 62fdf1f143b41e24485cea50d1cbac27 -> 
  custom:video-encoder-webm-vp8: eb34c28f22e8b96e1ab97ce403110664 -> 
  custom:video-codec-MediaFoundation-h265: 746d11721c4dcdbdad8f713fa42b33f4 -> 
  custom:video-decoder-webm-vp8: 9c59270c3fd7afecdb556c50c9e8de78 -> 
  custom:audio-decoder-ogg-vorbis: bf7c407c2cedff20999df2af8eb42d56 -> 
  custom:audio-encoder-webm-vorbis: bf7c407c2cedff20999df2af8eb42d56 -> 
========================================================================
Received Prepare
Registering precompiled user dll's ...
Registered in 0.016693 seconds.
Begin MonoManager ReloadAssembly
Native extension for WindowsStandalone target not found
Refreshing native plugins compatible for Editor in 0.47 ms, found 2 plugins.
Preloading 0 native plugins for Editor in 0.00 ms.
Mono: successfully reloaded assembly
- Completed reload, in  1.941 seconds
Domain Reload Profiling:
	ReloadAssembly (1942ms)
		BeginReloadAssembly (197ms)
			ExecutionOrderSort (0ms)
			DisableScriptedObjects (14ms)
			BackupInstance (0ms)
			ReleaseScriptingObjects (0ms)
			CreateAndSetChildDomain (53ms)
		EndReloadAssembly (1613ms)
			LoadAssemblies (169ms)
			RebuildTransferFunctionScriptingTraits (0ms)
			SetupTypeCache (538ms)
			ReleaseScriptCaches (1ms)
			RebuildScriptCaches (80ms)
			SetupLoadedEditorAssemblies (617ms)
				LogAssemblyErrors (0ms)
				InitializePlatformSupportModulesInManaged (7ms)
				SetLoadedEditorAssemblies (1ms)
				RefreshPlugins (1ms)
				BeforeProcessingInitializeOnLoad (165ms)
				ProcessInitializeOnLoadAttributes (406ms)
				ProcessInitializeOnLoadMethodAttributes (20ms)
				AfterProcessingInitializeOnLoad (18ms)
				EditorAssembliesLoaded (1ms)
			ExecutionOrderSort2 (0ms)
			AwakeInstancesAfterBackupRestoration (18ms)
Platform modules already initialized, skipping
Refreshing native plugins compatible for Editor in 0.52 ms, found 2 plugins.
Preloading 0 native plugins for Editor in 0.00 ms.
Unloading 1498 Unused Serialized files (Serialized files now loaded: 0)
System memory in use before: 71.5 MB.
System memory in use after: 71.6 MB.

Unloading 14 unused Assets to reduce memory usage. Loaded Objects now: 1953.
Total: 4.487300 ms (FindLiveObjects: 0.250000 ms CreateObjectMapping: 0.097500 ms MarkObjects: 4.075700 ms  DeleteObjects: 0.061900 ms)

AssetImportParameters requested are different than current active one (requested -> active):
  custom:framework-win-MediaFoundation: 216162199b28c13a410421893ffa2e32 -> 
  custom:video-decoder-ogg-theora: a1e56fd34408186e4bbccfd4996cb3dc -> 
  custom:container-muxer-webm: aa71ff27fc2769a1b78a27578f13a17b -> 
  custom:container-demuxer-webm: 4f35f7cbe854078d1ac9338744f61a02 -> 
  custom:container-demuxer-ogg: 62fdf1f143b41e24485cea50d1cbac27 -> 
  custom:video-encoder-webm-vp8: eb34c28f22e8b96e1ab97ce403110664 -> 
  custom:video-codec-MediaFoundation-h265: 746d11721c4dcdbdad8f713fa42b33f4 -> 
  custom:video-decoder-webm-vp8: 9c59270c3fd7afecdb556c50c9e8de78 -> 
  custom:audio-decoder-ogg-vorbis: bf7c407c2cedff20999df2af8eb42d56 -> 
  custom:audio-encoder-webm-vorbis: bf7c407c2cedff20999df2af8eb42d56 -> 
========================================================================
Received Import Request.
  Time since last request: 429.686374 seconds.
  path: Assets/Prefabs/Level 1.prefab
  artifactKey: Guid(e565a9430a53d5444a2ed8b80c75f56c) Importer(815301076,1909f56bfc062723c751e8b465ee728b)
Start importing Assets/Prefabs/Level 1.prefab using Guid(e565a9430a53d5444a2ed8b80c75f56c) Importer(815301076,1909f56bfc062723c751e8b465ee728b)  -> (artifact id: 'a3879be51f844e2b77aa550f64dc6480') in 0.205819 seconds 
  Import took 0.211367 seconds .

========================================================================
Received Import Request.
  Time since last request: 7.040503 seconds.
  path: Assets/Prefabs/Level 1.prefab
  artifactKey: Guid(e565a9430a53d5444a2ed8b80c75f56c) Importer(815301076,1909f56bfc062723c751e8b465ee728b)
Start importing Assets/Prefabs/Level 1.prefab using Guid(e565a9430a53d5444a2ed8b80c75f56c) Importer(815301076,1909f56bfc062723c751e8b465ee728b)  -> (artifact id: '2eb9cdef2ed25567c2d3b348f7386df6') in 0.056780 seconds 
  Import took 0.064507 seconds .

========================================================================
Received Import Request.
  Time since last request: 17.346130 seconds.
  path: Assets/Prefabs/Level 1.prefab
  artifactKey: Guid(e565a9430a53d5444a2ed8b80c75f56c) Importer(815301076,1909f56bfc062723c751e8b465ee728b)
Start importing Assets/Prefabs/Level 1.prefab using Guid(e565a9430a53d5444a2ed8b80c75f56c) Importer(815301076,1909f56bfc062723c751e8b465ee728b)  -> (artifact id: 'ae7ccfcc32d69ad503fa5575a97373d7') in 0.050676 seconds 
  Import took 0.059535 seconds .

========================================================================
Received Import Request.
  Time since last request: 120.568702 seconds.
  path: Assets/Prefabs/Level 1.prefab
  artifactKey: Guid(e565a9430a53d5444a2ed8b80c75f56c) Importer(815301076,1909f56bfc062723c751e8b465ee728b)
Start importing Assets/Prefabs/Level 1.prefab using Guid(e565a9430a53d5444a2ed8b80c75f56c) Importer(815301076,1909f56bfc062723c751e8b465ee728b)  -> (artifact id: '4191fe9487bf3310e39f953315c2d624') in 0.013132 seconds 
  Import took 0.020782 seconds .

========================================================================
Received Prepare
Registering precompiled user dll's ...
Registered in 0.008207 seconds.
Begin MonoManager ReloadAssembly
Native extension for WindowsStandalone target not found
Refreshing native plugins compatible for Editor in 0.46 ms, found 2 plugins.
Preloading 0 native plugins for Editor in 0.00 ms.
Mono: successfully reloaded assembly
- Completed reload, in  1.697 seconds
Domain Reload Profiling:
	ReloadAssembly (1698ms)
		BeginReloadAssembly (167ms)
			ExecutionOrderSort (0ms)
			DisableScriptedObjects (7ms)
			BackupInstance (0ms)
			ReleaseScriptingObjects (0ms)
			CreateAndSetChildDomain (48ms)
		EndReloadAssembly (1427ms)
			LoadAssemblies (150ms)
			RebuildTransferFunctionScriptingTraits (0ms)
			SetupTypeCache (497ms)
			ReleaseScriptCaches (2ms)
			RebuildScriptCaches (65ms)
			SetupLoadedEditorAssemblies (527ms)
				LogAssemblyErrors (0ms)
				InitializePlatformSupportModulesInManaged (7ms)
				SetLoadedEditorAssemblies (1ms)
				RefreshPlugins (1ms)
				BeforeProcessingInitializeOnLoad (133ms)
				ProcessInitializeOnLoadAttributes (350ms)
				ProcessInitializeOnLoadMethodAttributes (16ms)
				AfterProcessingInitializeOnLoad (18ms)
				EditorAssembliesLoaded (1ms)
			ExecutionOrderSort2 (0ms)
			AwakeInstancesAfterBackupRestoration (16ms)
Platform modules already initialized, skipping
Refreshing native plugins compatible for Editor in 0.49 ms, found 2 plugins.
Preloading 0 native plugins for Editor in 0.00 ms.
Unloading 1498 Unused Serialized files (Serialized files now loaded: 0)
System memory in use before: 71.7 MB.
System memory in use after: 71.8 MB.

Unloading 14 unused Assets to reduce memory usage. Loaded Objects now: 1956.
Total: 8.840300 ms (FindLiveObjects: 0.278800 ms CreateObjectMapping: 0.118000 ms MarkObjects: 8.395200 ms  DeleteObjects: 0.044900 ms)

AssetImportParameters requested are different than current active one (requested -> active):
  custom:framework-win-MediaFoundation: 216162199b28c13a410421893ffa2e32 -> 
  custom:video-decoder-ogg-theora: a1e56fd34408186e4bbccfd4996cb3dc -> 
  custom:container-muxer-webm: aa71ff27fc2769a1b78a27578f13a17b -> 
  custom:container-demuxer-webm: 4f35f7cbe854078d1ac9338744f61a02 -> 
  custom:container-demuxer-ogg: 62fdf1f143b41e24485cea50d1cbac27 -> 
  custom:video-encoder-webm-vp8: eb34c28f22e8b96e1ab97ce403110664 -> 
  custom:video-codec-MediaFoundation-h265: 746d11721c4dcdbdad8f713fa42b33f4 -> 
  custom:video-decoder-webm-vp8: 9c59270c3fd7afecdb556c50c9e8de78 -> 
  custom:audio-decoder-ogg-vorbis: bf7c407c2cedff20999df2af8eb42d56 -> 
  custom:audio-encoder-webm-vorbis: bf7c407c2cedff20999df2af8eb42d56 -> 
AssetImportWorkerClient::OnTransportError - code=2 error=End of file
